Oct 08, 2022 11:19:35 AM com.google.cloud.datastore.emulator.firestore.websocket.WebSocketServer start
INFO: Started WebSocket server on ws://localhost:9150
API endpoint: http://localhost:8080
If you are using a library that supports the FIRESTORE_EMULATOR_HOST environment variable, run:

   export FIRESTORE_EMULATOR_HOST=localhost:8080

Dev App Server is now running.

Oct 08, 2022 11:19:45 AM io.gapi.emulators.netty.HttpVersionRoutingHandler channelRead
INFO: Detected non-HTTP/2 connection.
Oct 08, 2022 11:19:45 AM io.gapi.emulators.netty.NotFoundHandler handleRequest
INFO: Unknown request URI: /ws/discovery
Oct 08, 2022 11:19:45 AM io.gapi.emulators.netty.HttpVersionRoutingHandler channelRead
INFO: Detected non-HTTP/2 connection.
Oct 08, 2022 11:19:45 AM io.gapi.emulators.netty.HttpVersionRoutingHandler channelRead
INFO: Detected non-HTTP/2 connection.
Oct 08, 2022 11:19:45 AM io.gapi.emulators.netty.HttpVersionRoutingHandler channelRead
INFO: Detected non-HTTP/2 connection.
Oct 08, 2022 11:19:45 AM io.gapi.emulators.netty.HttpVersionRoutingHandler channelRead
INFO: Detected HTTP/2 connection.
Oct 08, 2022 11:19:46 AM io.gapi.emulators.netty.HttpVersionRoutingHandler channelRead
INFO: Detected non-HTTP/2 connection.
Oct 08, 2022 11:19:46 AM io.gapi.emulators.netty.HttpVersionRoutingHandler channelRead
INFO: Detected non-HTTP/2 connection.
Oct 08, 2022 11:19:46 AM io.gapi.emulators.netty.HttpVersionRoutingHandler channelRead
INFO: Detected non-HTTP/2 connection.
Oct 08, 2022 11:19:49 AM io.gapi.emulators.netty.HttpVersionRoutingHandler channelRead
INFO: Detected non-HTTP/2 connection.
Oct 08, 2022 11:19:49 AM io.gapi.emulators.netty.NotFoundHandler handleRequest
INFO: Unknown request URI: /ws/discovery
Oct 08, 2022 11:19:51 AM io.gapi.emulators.netty.HttpVersionRoutingHandler channelRead
INFO: Detected non-HTTP/2 connection.
Oct 08, 2022 11:19:51 AM io.gapi.emulators.netty.NotFoundHandler handleRequest
INFO: Unknown request URI: /ws/discovery
Oct 08, 2022 11:19:53 AM io.gapi.emulators.netty.HttpVersionRoutingHandler channelRead
INFO: Detected non-HTTP/2 connection.
Oct 08, 2022 11:19:53 AM io.gapi.emulators.netty.NotFoundHandler handleRequest
INFO: Unknown request URI: /ws/discovery
Oct 08, 2022 11:19:55 AM io.gapi.emulators.netty.HttpVersionRoutingHandler channelRead
INFO: Detected non-HTTP/2 connection.
Oct 08, 2022 11:19:55 AM io.gapi.emulators.netty.NotFoundHandler handleRequest
INFO: Unknown request URI: /ws/discovery
Oct 08, 2022 11:19:57 AM io.gapi.emulators.netty.HttpVersionRoutingHandler channelRead
INFO: Detected non-HTTP/2 connection.
Oct 08, 2022 11:19:57 AM io.gapi.emulators.netty.NotFoundHandler handleRequest
INFO: Unknown request URI: /ws/discovery
Oct 08, 2022 11:19:59 AM io.gapi.emulators.netty.HttpVersionRoutingHandler channelRead
INFO: Detected non-HTTP/2 connection.
Oct 08, 2022 11:19:59 AM io.gapi.emulators.netty.NotFoundHandler handleRequest
INFO: Unknown request URI: /ws/discovery
Oct 08, 2022 11:20:01 AM io.gapi.emulators.netty.HttpVersionRoutingHandler channelRead
INFO: Detected non-HTTP/2 connection.
Oct 08, 2022 11:20:01 AM io.gapi.emulators.netty.NotFoundHandler handleRequest
INFO: Unknown request URI: /ws/discovery
Oct 08, 2022 11:20:03 AM io.gapi.emulators.netty.HttpVersionRoutingHandler channelRead
INFO: Detected non-HTTP/2 connection.
Oct 08, 2022 11:20:03 AM io.gapi.emulators.netty.NotFoundHandler handleRequest
INFO: Unknown request URI: /ws/discovery
Oct 08, 2022 11:20:05 AM io.gapi.emulators.netty.HttpVersionRoutingHandler channelRead
INFO: Detected non-HTTP/2 connection.
Oct 08, 2022 11:20:05 AM io.gapi.emulators.netty.NotFoundHandler handleRequest
INFO: Unknown request URI: /ws/discovery
Oct 08, 2022 11:20:07 AM io.gapi.emulators.netty.HttpVersionRoutingHandler channelRead
INFO: Detected non-HTTP/2 connection.
Oct 08, 2022 11:20:07 AM io.gapi.emulators.netty.NotFoundHandler handleRequest
INFO: Unknown request URI: /ws/discovery
Oct 08, 2022 11:20:09 AM io.gapi.emulators.netty.HttpVersionRoutingHandler channelRead
INFO: Detected non-HTTP/2 connection.
Oct 08, 2022 11:20:09 AM io.gapi.emulators.netty.NotFoundHandler handleRequest
INFO: Unknown request URI: /ws/discovery
Oct 08, 2022 11:20:11 AM io.gapi.emulators.netty.HttpVersionRoutingHandler channelRead
INFO: Detected non-HTTP/2 connection.
Oct 08, 2022 11:20:11 AM io.gapi.emulators.netty.NotFoundHandler handleRequest
INFO: Unknown request URI: /ws/discovery
Oct 08, 2022 11:20:12 AM io.gapi.emulators.netty.HttpVersionRoutingHandler channelRead
INFO: Detected non-HTTP/2 connection.
Oct 08, 2022 11:20:12 AM io.gapi.emulators.netty.NotFoundHandler handleRequest
INFO: Unknown request URI: /ws/discovery
Oct 08, 2022 11:20:12 AM io.gapi.emulators.netty.HttpVersionRoutingHandler channelRead
INFO: Detected non-HTTP/2 connection.
Oct 08, 2022 11:20:12 AM io.gapi.emulators.netty.NotFoundHandler handleRequest
INFO: Unknown request URI: /ws/discovery
Oct 08, 2022 11:20:13 AM io.gapi.emulators.netty.HttpVersionRoutingHandler channelRead
INFO: Detected non-HTTP/2 connection.
Oct 08, 2022 11:20:13 AM io.gapi.emulators.netty.NotFoundHandler handleRequest
INFO: Unknown request URI: /ws/discovery
Oct 08, 2022 11:20:15 AM io.gapi.emulators.netty.HttpVersionRoutingHandler channelRead
INFO: Detected non-HTTP/2 connection.
Oct 08, 2022 11:20:15 AM io.gapi.emulators.netty.NotFoundHandler handleRequest
INFO: Unknown request URI: /ws/discovery
Oct 08, 2022 11:20:15 AM io.gapi.emulators.netty.HttpVersionRoutingHandler channelRead
INFO: Detected non-HTTP/2 connection.
Oct 08, 2022 11:20:15 AM io.gapi.emulators.netty.NotFoundHandler handleRequest
INFO: Unknown request URI: /ws/discovery
Oct 08, 2022 11:20:17 AM io.gapi.emulators.netty.HttpVersionRoutingHandler channelRead
INFO: Detected non-HTTP/2 connection.
Oct 08, 2022 11:20:17 AM io.gapi.emulators.netty.NotFoundHandler handleRequest
INFO: Unknown request URI: /ws/discovery
Oct 08, 2022 11:20:19 AM io.gapi.emulators.netty.HttpVersionRoutingHandler channelRead
INFO: Detected non-HTTP/2 connection.
Oct 08, 2022 11:20:19 AM io.gapi.emulators.netty.NotFoundHandler handleRequest
INFO: Unknown request URI: /ws/discovery
Oct 08, 2022 11:20:21 AM io.gapi.emulators.netty.HttpVersionRoutingHandler channelRead
INFO: Detected non-HTTP/2 connection.
Oct 08, 2022 11:20:21 AM io.gapi.emulators.netty.NotFoundHandler handleRequest
INFO: Unknown request URI: /ws/discovery
Oct 08, 2022 11:20:23 AM io.gapi.emulators.netty.HttpVersionRoutingHandler channelRead
INFO: Detected non-HTTP/2 connection.
Oct 08, 2022 11:20:23 AM io.gapi.emulators.netty.NotFoundHandler handleRequest
INFO: Unknown request URI: /ws/discovery
Oct 08, 2022 11:20:25 AM io.gapi.emulators.netty.HttpVersionRoutingHandler channelRead
INFO: Detected non-HTTP/2 connection.
Oct 08, 2022 11:20:25 AM io.gapi.emulators.netty.NotFoundHandler handleRequest
INFO: Unknown request URI: /ws/discovery
Oct 08, 2022 11:20:27 AM io.gapi.emulators.netty.HttpVersionRoutingHandler channelRead
INFO: Detected non-HTTP/2 connection.
Oct 08, 2022 11:20:27 AM io.gapi.emulators.netty.NotFoundHandler handleRequest
INFO: Unknown request URI: /ws/discovery
Oct 08, 2022 11:20:29 AM io.gapi.emulators.netty.HttpVersionRoutingHandler channelRead
INFO: Detected non-HTTP/2 connection.
Oct 08, 2022 11:20:29 AM io.gapi.emulators.netty.NotFoundHandler handleRequest
INFO: Unknown request URI: /ws/discovery
Oct 08, 2022 11:20:31 AM io.gapi.emulators.netty.HttpVersionRoutingHandler channelRead
INFO: Detected non-HTTP/2 connection.
Oct 08, 2022 11:20:31 AM io.gapi.emulators.netty.NotFoundHandler handleRequest
INFO: Unknown request URI: /ws/discovery
Oct 08, 2022 11:20:31 AM io.gapi.emulators.netty.HttpVersionRoutingHandler channelRead
INFO: Detected non-HTTP/2 connection.
Oct 08, 2022 11:20:33 AM io.gapi.emulators.netty.HttpVersionRoutingHandler channelRead
INFO: Detected non-HTTP/2 connection.
Oct 08, 2022 11:20:33 AM io.gapi.emulators.netty.NotFoundHandler handleRequest
INFO: Unknown request URI: /ws/discovery
Oct 08, 2022 11:20:35 AM io.gapi.emulators.netty.HttpVersionRoutingHandler channelRead
INFO: Detected non-HTTP/2 connection.
Oct 08, 2022 11:20:35 AM io.gapi.emulators.netty.NotFoundHandler handleRequest
INFO: Unknown request URI: /ws/discovery
Oct 08, 2022 11:20:37 AM io.gapi.emulators.netty.HttpVersionRoutingHandler channelRead
INFO: Detected non-HTTP/2 connection.
Oct 08, 2022 11:20:37 AM io.gapi.emulators.netty.NotFoundHandler handleRequest
INFO: Unknown request URI: /ws/discovery
Oct 08, 2022 11:20:39 AM io.gapi.emulators.netty.HttpVersionRoutingHandler channelRead
INFO: Detected non-HTTP/2 connection.
Oct 08, 2022 11:20:39 AM io.gapi.emulators.netty.NotFoundHandler handleRequest
INFO: Unknown request URI: /ws/discovery
Oct 08, 2022 11:20:41 AM io.gapi.emulators.netty.HttpVersionRoutingHandler channelRead
INFO: Detected non-HTTP/2 connection.
Oct 08, 2022 11:20:41 AM io.gapi.emulators.netty.NotFoundHandler handleRequest
INFO: Unknown request URI: /ws/discovery
Oct 08, 2022 11:20:43 AM io.gapi.emulators.netty.HttpVersionRoutingHandler channelRead
INFO: Detected non-HTTP/2 connection.
Oct 08, 2022 11:20:43 AM io.gapi.emulators.netty.NotFoundHandler handleRequest
INFO: Unknown request URI: /ws/discovery
Oct 08, 2022 11:20:45 AM io.gapi.emulators.netty.HttpVersionRoutingHandler channelRead
INFO: Detected non-HTTP/2 connection.
Oct 08, 2022 11:20:45 AM io.gapi.emulators.netty.NotFoundHandler handleRequest
INFO: Unknown request URI: /ws/discovery
Oct 08, 2022 11:20:47 AM io.gapi.emulators.netty.HttpVersionRoutingHandler channelRead
INFO: Detected non-HTTP/2 connection.
Oct 08, 2022 11:20:47 AM io.gapi.emulators.netty.NotFoundHandler handleRequest
INFO: Unknown request URI: /ws/discovery
Oct 08, 2022 11:20:49 AM io.gapi.emulators.netty.HttpVersionRoutingHandler channelRead
INFO: Detected non-HTTP/2 connection.
Oct 08, 2022 11:20:49 AM io.gapi.emulators.netty.NotFoundHandler handleRequest
INFO: Unknown request URI: /ws/discovery
Oct 08, 2022 11:20:51 AM io.gapi.emulators.netty.HttpVersionRoutingHandler channelRead
INFO: Detected non-HTTP/2 connection.
Oct 08, 2022 11:20:51 AM io.gapi.emulators.netty.NotFoundHandler handleRequest
INFO: Unknown request URI: /ws/discovery
Oct 08, 2022 11:20:53 AM io.gapi.emulators.netty.HttpVersionRoutingHandler channelRead
INFO: Detected non-HTTP/2 connection.
Oct 08, 2022 11:20:53 AM io.gapi.emulators.netty.NotFoundHandler handleRequest
INFO: Unknown request URI: /ws/discovery
Oct 08, 2022 11:20:55 AM io.gapi.emulators.netty.HttpVersionRoutingHandler channelRead
INFO: Detected non-HTTP/2 connection.
Oct 08, 2022 11:20:55 AM io.gapi.emulators.netty.NotFoundHandler handleRequest
INFO: Unknown request URI: /ws/discovery
Oct 08, 2022 11:20:57 AM io.gapi.emulators.netty.HttpVersionRoutingHandler channelRead
INFO: Detected non-HTTP/2 connection.
Oct 08, 2022 11:20:57 AM io.gapi.emulators.netty.NotFoundHandler handleRequest
INFO: Unknown request URI: /ws/discovery
Oct 08, 2022 11:20:59 AM io.gapi.emulators.netty.HttpVersionRoutingHandler channelRead
INFO: Detected non-HTTP/2 connection.
Oct 08, 2022 11:20:59 AM io.gapi.emulators.netty.NotFoundHandler handleRequest
INFO: Unknown request URI: /ws/discovery
Oct 08, 2022 11:21:01 AM io.gapi.emulators.netty.HttpVersionRoutingHandler channelRead
INFO: Detected non-HTTP/2 connection.
Oct 08, 2022 11:21:01 AM io.gapi.emulators.netty.NotFoundHandler handleRequest
INFO: Unknown request URI: /ws/discovery
Oct 08, 2022 11:21:03 AM io.gapi.emulators.netty.HttpVersionRoutingHandler channelRead
INFO: Detected non-HTTP/2 connection.
Oct 08, 2022 11:21:03 AM io.gapi.emulators.netty.NotFoundHandler handleRequest
INFO: Unknown request URI: /ws/discovery
Oct 08, 2022 11:21:05 AM io.gapi.emulators.netty.HttpVersionRoutingHandler channelRead
INFO: Detected non-HTTP/2 connection.
Oct 08, 2022 11:21:05 AM io.gapi.emulators.netty.NotFoundHandler handleRequest
INFO: Unknown request URI: /ws/discovery
Oct 08, 2022 11:21:07 AM io.gapi.emulators.netty.HttpVersionRoutingHandler channelRead
INFO: Detected non-HTTP/2 connection.
Oct 08, 2022 11:21:07 AM io.gapi.emulators.netty.NotFoundHandler handleRequest
INFO: Unknown request URI: /ws/discovery
Oct 08, 2022 11:21:10 AM io.gapi.emulators.netty.HttpVersionRoutingHandler channelRead
INFO: Detected non-HTTP/2 connection.
Oct 08, 2022 11:21:10 AM io.gapi.emulators.netty.NotFoundHandler handleRequest
INFO: Unknown request URI: /ws/discovery
Oct 08, 2022 11:21:12 AM io.gapi.emulators.netty.HttpVersionRoutingHandler channelRead
INFO: Detected non-HTTP/2 connection.
Oct 08, 2022 11:21:12 AM io.gapi.emulators.netty.NotFoundHandler handleRequest
INFO: Unknown request URI: /ws/discovery
Oct 08, 2022 11:21:14 AM io.gapi.emulators.netty.HttpVersionRoutingHandler channelRead
INFO: Detected non-HTTP/2 connection.
Oct 08, 2022 11:21:14 AM io.gapi.emulators.netty.NotFoundHandler handleRequest
INFO: Unknown request URI: /ws/discovery
Oct 08, 2022 11:21:16 AM io.gapi.emulators.netty.HttpVersionRoutingHandler channelRead
INFO: Detected non-HTTP/2 connection.
Oct 08, 2022 11:21:16 AM io.gapi.emulators.netty.NotFoundHandler handleRequest
INFO: Unknown request URI: /ws/discovery
Oct 08, 2022 11:21:18 AM io.gapi.emulators.netty.HttpVersionRoutingHandler channelRead
INFO: Detected non-HTTP/2 connection.
Oct 08, 2022 11:21:18 AM io.gapi.emulators.netty.NotFoundHandler handleRequest
INFO: Unknown request URI: /ws/discovery
Oct 08, 2022 11:21:19 AM io.gapi.emulators.netty.HttpVersionRoutingHandler channelRead
INFO: Detected non-HTTP/2 connection.
Oct 08, 2022 11:21:19 AM io.gapi.emulators.netty.NotFoundHandler handleRequest
INFO: Unknown request URI: /ws/discovery
Oct 08, 2022 11:21:20 AM io.gapi.emulators.netty.HttpVersionRoutingHandler channelRead
INFO: Detected non-HTTP/2 connection.
Oct 08, 2022 11:21:20 AM io.gapi.emulators.netty.NotFoundHandler handleRequest
INFO: Unknown request URI: /ws/discovery
Oct 08, 2022 11:21:22 AM io.gapi.emulators.netty.HttpVersionRoutingHandler channelRead
INFO: Detected non-HTTP/2 connection.
Oct 08, 2022 11:21:22 AM io.gapi.emulators.netty.NotFoundHandler handleRequest
INFO: Unknown request URI: /ws/discovery
Oct 08, 2022 11:21:24 AM io.gapi.emulators.netty.HttpVersionRoutingHandler channelRead
INFO: Detected non-HTTP/2 connection.
Oct 08, 2022 11:21:24 AM io.gapi.emulators.netty.NotFoundHandler handleRequest
INFO: Unknown request URI: /ws/discovery
Oct 08, 2022 11:21:26 AM io.gapi.emulators.netty.HttpVersionRoutingHandler channelRead
INFO: Detected non-HTTP/2 connection.
Oct 08, 2022 11:21:26 AM io.gapi.emulators.netty.NotFoundHandler handleRequest
INFO: Unknown request URI: /ws/discovery
Oct 08, 2022 11:21:50 AM io.gapi.emulators.netty.HttpVersionRoutingHandler channelRead
INFO: Detected non-HTTP/2 connection.
Oct 08, 2022 11:21:50 AM io.gapi.emulators.netty.NotFoundHandler handleRequest
INFO: Unknown request URI: /ws/discovery
Oct 08, 2022 11:21:50 AM io.gapi.emulators.netty.HttpVersionRoutingHandler channelRead
INFO: Detected non-HTTP/2 connection.
Oct 08, 2022 11:21:50 AM io.gapi.emulators.netty.NotFoundHandler handleRequest
INFO: Unknown request URI: /ws/discovery
Oct 08, 2022 11:21:52 AM io.gapi.emulators.netty.HttpVersionRoutingHandler channelRead
INFO: Detected non-HTTP/2 connection.
Oct 08, 2022 11:21:52 AM io.gapi.emulators.netty.HttpVersionRoutingHandler channelRead
INFO: Detected non-HTTP/2 connection.
Oct 08, 2022 11:22:09 AM io.gapi.emulators.netty.HttpVersionRoutingHandler channelRead
INFO: Detected non-HTTP/2 connection.
Oct 08, 2022 11:22:09 AM io.gapi.emulators.netty.HttpVersionRoutingHandler channelRead
INFO: Detected non-HTTP/2 connection.
Oct 08, 2022 11:22:10 AM io.gapi.emulators.netty.HttpVersionRoutingHandler channelRead
INFO: Detected non-HTTP/2 connection.
Oct 08, 2022 11:22:11 AM io.gapi.emulators.netty.HttpVersionRoutingHandler channelRead
INFO: Detected HTTP/2 connection.
